<?xml version="1.0" encoding="UTF-8"?>
<testsuite name="Utest" tests="1" skipped="0" failures="0" errors="0" timestamp="2021-02-21T00:39:49" hostname="DESKTOP-CURJO95" time="64.437">
  <properties/>
  <testcase name="Create new user on uTest page" classname="Utest" time="64.437"/>
  <system-out><![CDATA[]]></system-out>
  <system-err><![CDATA[[Test worker] WARN net.thucydides.core.steps.BaseStepListener - stepStarted: net.thucydides.core.steps.ExecutedStepDescription@663134b1
[Test worker] WARN net.thucydides.core.steps.BaseStepListener - stepStarted: net.thucydides.core.steps.ExecutedStepDescription@3ded2f19
[Test worker] WARN net.thucydides.core.steps.BaseStepListener - stepStarted: net.thucydides.core.steps.ExecutedStepDescription@25b012e1
feb 20, 2021 7:39:50 PM org.openqa.selenium.remote.DesiredCapabilities chrome
INFORMACIÓN: Using `new ChromeOptions()` is preferred to `DesiredCapabilities.chrome()`
[Test worker] INFO net.serenitybdd.core.webdriver.driverproviders.ProvideNewDriver - Instantiating driver
[Test worker] INFO net.serenitybdd.core.webdriver.driverproviders.ProvideNewDriver - Driver capabilities: Capabilities {acceptInsecureCerts: false, browserName: chrome, chrome.switches: --start-maximized;--test-ty..., goog:chromeOptions: {args: [--start-maximized, --test-type, --no-sandbox, --ignore-certificate-errors..., --disable-popup-blocking, --disable-default-apps, --disable-extensions-file-a..., --incognito, --disable-infobars, --disable-gpu], extensions: []}, loggingPrefs: org.openqa.selenium.logging..., platform: ANY, version: }
Starting ChromeDriver 88.0.4324.96 (68dba2d8a0b149a1d3afac56fa74648032bcf46b-refs/branch-heads/4324@{#1784}) on port 12089
Only local connections are allowed.
Please see https://chromedriver.chromium.org/security-considerations for suggestions on keeping ChromeDriver safe.
ChromeDriver was started successfully.
feb 20, 2021 7:39:55 PM org.openqa.selenium.remote.ProtocolHandshake createSession
INFORMACIÓN: Detected dialect: W3C
[Test worker] WARN net.thucydides.core.steps.BaseStepListener - stepFinished: current outcome:Create new user on uTest page:Given Andres wants to fill out a form to register [Andres open up [Andres opens the Utest page]]
[Test worker] WARN net.thucydides.core.steps.BaseStepListener - stepFinished: current outcome:Create new user on uTest page:Given Andres wants to fill out a form to register [Andres open up [Andres opens the Utest page]]
[Test worker] WARN net.thucydides.core.steps.BaseStepListener - stepFinished: current outcome:Create new user on uTest page:Given Andres wants to fill out a form to register [Andres open up [Andres opens the Utest page]]
[Test worker] WARN net.thucydides.core.steps.BaseStepListener - stepStarted: net.thucydides.core.steps.ExecutedStepDescription@21252bdd
[Test worker] WARN net.thucydides.core.steps.BaseStepListener - stepStarted: net.thucydides.core.steps.ExecutedStepDescription@5ffc4874
[Test worker] WARN net.thucydides.core.steps.BaseStepListener - stepStarted: net.thucydides.core.steps.ExecutedStepDescription@72774109
[Test worker] WARN net.thucydides.core.steps.BaseStepListener - stepFinished: current outcome:Create new user on uTest page:Given Andres wants to fill out a form to register [Andres open up [Andres opens the Utest page]], When I have entered the form and fill out the first part name Andres lastname Rojas email andres20ka@gmail.com month April day 20 year 2000 [Andres first part [Andres clicks on Click para iniciar el formulario]]
[Test worker] WARN net.thucydides.core.steps.BaseStepListener - stepStarted: net.thucydides.core.steps.ExecutedStepDescription@2ecd9a1a
[Test worker] WARN net.thucydides.core.steps.BaseStepListener - stepFinished: current outcome:Create new user on uTest page:Given Andres wants to fill out a form to register [Andres open up [Andres opens the Utest page]], When I have entered the form and fill out the first part name Andres lastname Rojas email andres20ka@gmail.com month April day 20 year 2000 [Andres first part [Andres clicks on Click para iniciar el formulario, Andres enters 'Andres' into Digitamos el nombre]]
[Test worker] WARN net.thucydides.core.steps.BaseStepListener - stepStarted: net.thucydides.core.steps.ExecutedStepDescription@6835785d
[Test worker] WARN net.thucydides.core.steps.BaseStepListener - stepFinished: current outcome:Create new user on uTest page:Given Andres wants to fill out a form to register [Andres open up [Andres opens the Utest page]], When I have entered the form and fill out the first part name Andres lastname Rojas email andres20ka@gmail.com month April day 20 year 2000 [Andres first part [Andres clicks on Click para iniciar el formulario, Andres enters 'Andres' into Digitamos el nombre, Andres enters 'Rojas' into Digitamos el apellido]]
[Test worker] WARN net.thucydides.core.steps.BaseStepListener - stepStarted: net.thucydides.core.steps.ExecutedStepDescription@624d7f46
[Test worker] WARN net.thucydides.core.steps.BaseStepListener - stepFinished: current outcome:Create new user on uTest page:Given Andres wants to fill out a form to register [Andres open up [Andres opens the Utest page]], When I have entered the form and fill out the first part name Andres lastname Rojas email andres20ka@gmail.com month April day 20 year 2000 [Andres first part [Andres clicks on Click para iniciar el formulario, Andres enters 'Andres' into Digitamos el nombre, Andres enters 'Rojas' into Digitamos el apellido, Andres enters 'andres20ka@gmail.com' into Digitamos el correo]]
[Test worker] WARN net.thucydides.core.steps.BaseStepListener - stepStarted: net.thucydides.core.steps.ExecutedStepDescription@39e0c1f2
[Test worker] WARN net.thucydides.core.steps.BaseStepListener - stepFinished: current outcome:Create new user on uTest page:Given Andres wants to fill out a form to register [Andres open up [Andres opens the Utest page]], When I have entered the form and fill out the first part name Andres lastname Rojas email andres20ka@gmail.com month April day 20 year 2000 [Andres first part [Andres clicks on Click para iniciar el formulario, Andres enters 'Andres' into Digitamos el nombre, Andres enters 'Rojas' into Digitamos el apellido, Andres enters 'andres20ka@gmail.com' into Digitamos el correo, Andres select April on Escogemos el mes]]
[Test worker] WARN net.thucydides.core.steps.BaseStepListener - stepStarted: net.thucydides.core.steps.ExecutedStepDescription@3b96c5ac
[Test worker] WARN net.thucydides.core.steps.BaseStepListener - stepFinished: current outcome:Create new user on uTest page:Given Andres wants to fill out a form to register [Andres open up [Andres opens the Utest page]], When I have entered the form and fill out the first part name Andres lastname Rojas email andres20ka@gmail.com month April day 20 year 2000 [Andres first part [Andres clicks on Click para iniciar el formulario, Andres enters 'Andres' into Digitamos el nombre, Andres enters 'Rojas' into Digitamos el apellido, Andres enters 'andres20ka@gmail.com' into Digitamos el correo, Andres select April on Escogemos el mes, Andres select 20 on Escogemos el dia]]
[Test worker] WARN net.thucydides.core.steps.BaseStepListener - stepStarted: net.thucydides.core.steps.ExecutedStepDescription@7cfdc8e6
[Test worker] WARN net.thucydides.core.steps.BaseStepListener - stepFinished: current outcome:Create new user on uTest page:Given Andres wants to fill out a form to register [Andres open up [Andres opens the Utest page]], When I have entered the form and fill out the first part name Andres lastname Rojas email andres20ka@gmail.com month April day 20 year 2000 [Andres first part [Andres clicks on Click para iniciar el formulario, Andres enters 'Andres' into Digitamos el nombre, Andres enters 'Rojas' into Digitamos el apellido, Andres enters 'andres20ka@gmail.com' into Digitamos el correo, Andres select April on Escogemos el mes, Andres select 20 on Escogemos el dia, Andres select 2000 on Escogemos el año]]
[Test worker] WARN net.thucydides.core.steps.BaseStepListener - stepStarted: net.thucydides.core.steps.ExecutedStepDescription@581b64e6
[Test worker] WARN net.thucydides.core.steps.BaseStepListener - stepFinished: current outcome:Create new user on uTest page:Given Andres wants to fill out a form to register [Andres open up [Andres opens the Utest page]], When I have entered the form and fill out the first part name Andres lastname Rojas email andres20ka@gmail.com month April day 20 year 2000 [Andres first part [Andres clicks on Click para iniciar el formulario, Andres enters 'Andres' into Digitamos el nombre, Andres enters 'Rojas' into Digitamos el apellido, Andres enters 'andres20ka@gmail.com' into Digitamos el correo, Andres select April on Escogemos el mes, Andres select 20 on Escogemos el dia, Andres select 2000 on Escogemos el año, Andres clicks on Siguiente parte]]
[Test worker] WARN net.thucydides.core.steps.BaseStepListener - stepFinished: current outcome:Create new user on uTest page:Given Andres wants to fill out a form to register [Andres open up [Andres opens the Utest page]], When I have entered the form and fill out the first part name Andres lastname Rojas email andres20ka@gmail.com month April day 20 year 2000 [Andres first part [Andres clicks on Click para iniciar el formulario, Andres enters 'Andres' into Digitamos el nombre, Andres enters 'Rojas' into Digitamos el apellido, Andres enters 'andres20ka@gmail.com' into Digitamos el correo, Andres select April on Escogemos el mes, Andres select 20 on Escogemos el dia, Andres select 2000 on Escogemos el año, Andres clicks on Siguiente parte]]
[Test worker] WARN net.thucydides.core.steps.BaseStepListener - stepFinished: current outcome:Create new user on uTest page:Given Andres wants to fill out a form to register [Andres open up [Andres opens the Utest page]], When I have entered the form and fill out the first part name Andres lastname Rojas email andres20ka@gmail.com month April day 20 year 2000 [Andres first part [Andres clicks on Click para iniciar el formulario, Andres enters 'Andres' into Digitamos el nombre, Andres enters 'Rojas' into Digitamos el apellido, Andres enters 'andres20ka@gmail.com' into Digitamos el correo, Andres select April on Escogemos el mes, Andres select 20 on Escogemos el dia, Andres select 2000 on Escogemos el año, Andres clicks on Siguiente parte]]
[Test worker] WARN net.thucydides.core.steps.BaseStepListener - stepStarted: net.thucydides.core.steps.ExecutedStepDescription@306664f6
[Test worker] WARN net.thucydides.core.steps.BaseStepListener - stepStarted: net.thucydides.core.steps.ExecutedStepDescription@52e8950b
[Test worker] WARN net.thucydides.core.steps.BaseStepListener - stepStarted: net.thucydides.core.steps.ExecutedStepDescription@4bf91821
[Test worker] WARN net.thucydides.core.steps.BaseStepListener - stepFinished: current outcome:Create new user on uTest page:Given Andres wants to fill out a form to register [Andres open up [Andres opens the Utest page]], When I have entered the form and fill out the first part name Andres lastname Rojas email andres20ka@gmail.com month April day 20 year 2000 [Andres first part [Andres clicks on Click para iniciar el formulario, Andres enters 'Andres' into Digitamos el nombre, Andres enters 'Rojas' into Digitamos el apellido, Andres enters 'andres20ka@gmail.com' into Digitamos el correo, Andres select April on Escogemos el mes, Andres select 20 on Escogemos el dia, Andres select 2000 on Escogemos el año, Andres clicks on Siguiente parte]], When he fill out the second part of the form ciudad Cali [Andres second part [Andres clicks on Siguiente parte]]
[Test worker] WARN net.thucydides.core.steps.BaseStepListener - stepFinished: current outcome:Create new user on uTest page:Given Andres wants to fill out a form to register [Andres open up [Andres opens the Utest page]], When I have entered the form and fill out the first part name Andres lastname Rojas email andres20ka@gmail.com month April day 20 year 2000 [Andres first part [Andres clicks on Click para iniciar el formulario, Andres enters 'Andres' into Digitamos el nombre, Andres enters 'Rojas' into Digitamos el apellido, Andres enters 'andres20ka@gmail.com' into Digitamos el correo, Andres select April on Escogemos el mes, Andres select 20 on Escogemos el dia, Andres select 2000 on Escogemos el año, Andres clicks on Siguiente parte]], When he fill out the second part of the form ciudad Cali [Andres second part [Andres clicks on Siguiente parte]]
[Test worker] WARN net.thucydides.core.steps.BaseStepListener - stepFinished: current outcome:Create new user on uTest page:Given Andres wants to fill out a form to register [Andres open up [Andres opens the Utest page]], When I have entered the form and fill out the first part name Andres lastname Rojas email andres20ka@gmail.com month April day 20 year 2000 [Andres first part [Andres clicks on Click para iniciar el formulario, Andres enters 'Andres' into Digitamos el nombre, Andres enters 'Rojas' into Digitamos el apellido, Andres enters 'andres20ka@gmail.com' into Digitamos el correo, Andres select April on Escogemos el mes, Andres select 20 on Escogemos el dia, Andres select 2000 on Escogemos el año, Andres clicks on Siguiente parte]], When he fill out the second part of the form ciudad Cali [Andres second part [Andres clicks on Siguiente parte]]
[Test worker] WARN net.thucydides.core.steps.BaseStepListener - stepStarted: net.thucydides.core.steps.ExecutedStepDescription@7d7bc02d
[Test worker] WARN net.thucydides.core.steps.BaseStepListener - stepStarted: net.thucydides.core.steps.ExecutedStepDescription@62174c38
[Test worker] WARN net.thucydides.core.steps.BaseStepListener - stepStarted: net.thucydides.core.steps.ExecutedStepDescription@8aae075
[Test worker] WARN net.thucydides.core.steps.BaseStepListener - stepFinished: current outcome:Create new user on uTest page:Given Andres wants to fill out a form to register [Andres open up [Andres opens the Utest page]], When I have entered the form and fill out the first part name Andres lastname Rojas email andres20ka@gmail.com month April day 20 year 2000 [Andres first part [Andres clicks on Click para iniciar el formulario, Andres enters 'Andres' into Digitamos el nombre, Andres enters 'Rojas' into Digitamos el apellido, Andres enters 'andres20ka@gmail.com' into Digitamos el correo, Andres select April on Escogemos el mes, Andres select 20 on Escogemos el dia, Andres select 2000 on Escogemos el año, Andres clicks on Siguiente parte]], When he fill out the second part of the form ciudad Cali [Andres second part [Andres clicks on Siguiente parte]], When he fill out the third part of the form mobile Alcatel [Andres third part [Andres clicks on Click en el dropdown]]
[Test worker] WARN net.thucydides.core.steps.BaseStepListener - stepStarted: net.thucydides.core.steps.ExecutedStepDescription@469c0007
[Test worker] WARN net.thucydides.core.steps.BaseStepListener - stepFinished: current outcome:Create new user on uTest page:Given Andres wants to fill out a form to register [Andres open up [Andres opens the Utest page]], When I have entered the form and fill out the first part name Andres lastname Rojas email andres20ka@gmail.com month April day 20 year 2000 [Andres first part [Andres clicks on Click para iniciar el formulario, Andres enters 'Andres' into Digitamos el nombre, Andres enters 'Rojas' into Digitamos el apellido, Andres enters 'andres20ka@gmail.com' into Digitamos el correo, Andres select April on Escogemos el mes, Andres select 20 on Escogemos el dia, Andres select 2000 on Escogemos el año, Andres clicks on Siguiente parte]], When he fill out the second part of the form ciudad Cali [Andres second part [Andres clicks on Siguiente parte]], When he fill out the third part of the form mobile Alcatel [Andres third part [Andres clicks on Click en el dropdown, Andres clicks on Escojemos el elemento]]
[Test worker] WARN net.thucydides.core.steps.BaseStepListener - stepStarted: net.thucydides.core.steps.ExecutedStepDescription@5b0d2fab
[Test worker] WARN net.thucydides.core.steps.BaseStepListener - stepFinished: current outcome:Create new user on uTest page:Given Andres wants to fill out a form to register [Andres open up [Andres opens the Utest page]], When I have entered the form and fill out the first part name Andres lastname Rojas email andres20ka@gmail.com month April day 20 year 2000 [Andres first part [Andres clicks on Click para iniciar el formulario, Andres enters 'Andres' into Digitamos el nombre, Andres enters 'Rojas' into Digitamos el apellido, Andres enters 'andres20ka@gmail.com' into Digitamos el correo, Andres select April on Escogemos el mes, Andres select 20 on Escogemos el dia, Andres select 2000 on Escogemos el año, Andres clicks on Siguiente parte]], When he fill out the second part of the form ciudad Cali [Andres second part [Andres clicks on Siguiente parte]], When he fill out the third part of the form mobile Alcatel [Andres third part [Andres clicks on Click en el dropdown, Andres clicks on Escojemos el elemento, Andres clicks on Escojemos el elemento]]
[Test worker] WARN net.thucydides.core.steps.BaseStepListener - stepStarted: net.thucydides.core.steps.ExecutedStepDescription@761831d2
[Test worker] WARN net.thucydides.core.steps.BaseStepListener - stepFinished: current outcome:Create new user on uTest page:Given Andres wants to fill out a form to register [Andres open up [Andres opens the Utest page]], When I have entered the form and fill out the first part name Andres lastname Rojas email andres20ka@gmail.com month April day 20 year 2000 [Andres first part [Andres clicks on Click para iniciar el formulario, Andres enters 'Andres' into Digitamos el nombre, Andres enters 'Rojas' into Digitamos el apellido, Andres enters 'andres20ka@gmail.com' into Digitamos el correo, Andres select April on Escogemos el mes, Andres select 20 on Escogemos el dia, Andres select 2000 on Escogemos el año, Andres clicks on Siguiente parte]], When he fill out the second part of the form ciudad Cali [Andres second part [Andres clicks on Siguiente parte]], When he fill out the third part of the form mobile Alcatel [Andres third part [Andres clicks on Click en el dropdown, Andres clicks on Escojemos el elemento, Andres clicks on Escojemos el elemento, Andres clicks on Escojemos el elemento]]
[Test worker] WARN net.thucydides.core.steps.BaseStepListener - stepStarted: net.thucydides.core.steps.ExecutedStepDescription@2af98710
[Test worker] WARN net.thucydides.core.steps.BaseStepListener - stepFinished: current outcome:Create new user on uTest page:Given Andres wants to fill out a form to register [Andres open up [Andres opens the Utest page]], When I have entered the form and fill out the first part name Andres lastname Rojas email andres20ka@gmail.com month April day 20 year 2000 [Andres first part [Andres clicks on Click para iniciar el formulario, Andres enters 'Andres' into Digitamos el nombre, Andres enters 'Rojas' into Digitamos el apellido, Andres enters 'andres20ka@gmail.com' into Digitamos el correo, Andres select April on Escogemos el mes, Andres select 20 on Escogemos el dia, Andres select 2000 on Escogemos el año, Andres clicks on Siguiente parte]], When he fill out the second part of the form ciudad Cali [Andres second part [Andres clicks on Siguiente parte]], When he fill out the third part of the form mobile Alcatel [Andres third part [Andres clicks on Click en el dropdown, Andres clicks on Escojemos el elemento, Andres clicks on Escojemos el elemento, Andres clicks on Escojemos el elemento, Andres clicks on Escojemos el elemento]]
[Test worker] WARN net.thucydides.core.steps.BaseStepListener - stepStarted: net.thucydides.core.steps.ExecutedStepDescription@29102cbe
[Test worker] WARN net.thucydides.core.steps.BaseStepListener - stepFinished: current outcome:Create new user on uTest page:Given Andres wants to fill out a form to register [Andres open up [Andres opens the Utest page]], When I have entered the form and fill out the first part name Andres lastname Rojas email andres20ka@gmail.com month April day 20 year 2000 [Andres first part [Andres clicks on Click para iniciar el formulario, Andres enters 'Andres' into Digitamos el nombre, Andres enters 'Rojas' into Digitamos el apellido, Andres enters 'andres20ka@gmail.com' into Digitamos el correo, Andres select April on Escogemos el mes, Andres select 20 on Escogemos el dia, Andres select 2000 on Escogemos el año, Andres clicks on Siguiente parte]], When he fill out the second part of the form ciudad Cali [Andres second part [Andres clicks on Siguiente parte]], When he fill out the third part of the form mobile Alcatel [Andres third part [Andres clicks on Click en el dropdown, Andres clicks on Escojemos el elemento, Andres clicks on Escojemos el elemento, Andres clicks on Escojemos el elemento, Andres clicks on Escojemos el elemento, Andres clicks on Escojemos el elemento]]
[Test worker] WARN net.thucydides.core.steps.BaseStepListener - stepFinished: current outcome:Create new user on uTest page:Given Andres wants to fill out a form to register [Andres open up [Andres opens the Utest page]], When I have entered the form and fill out the first part name Andres lastname Rojas email andres20ka@gmail.com month April day 20 year 2000 [Andres first part [Andres clicks on Click para iniciar el formulario, Andres enters 'Andres' into Digitamos el nombre, Andres enters 'Rojas' into Digitamos el apellido, Andres enters 'andres20ka@gmail.com' into Digitamos el correo, Andres select April on Escogemos el mes, Andres select 20 on Escogemos el dia, Andres select 2000 on Escogemos el año, Andres clicks on Siguiente parte]], When he fill out the second part of the form ciudad Cali [Andres second part [Andres clicks on Siguiente parte]], When he fill out the third part of the form mobile Alcatel [Andres third part [Andres clicks on Click en el dropdown, Andres clicks on Escojemos el elemento, Andres clicks on Escojemos el elemento, Andres clicks on Escojemos el elemento, Andres clicks on Escojemos el elemento, Andres clicks on Escojemos el elemento]]
[Test worker] WARN net.thucydides.core.steps.BaseStepListener - stepFinished: current outcome:Create new user on uTest page:Given Andres wants to fill out a form to register [Andres open up [Andres opens the Utest page]], When I have entered the form and fill out the first part name Andres lastname Rojas email andres20ka@gmail.com month April day 20 year 2000 [Andres first part [Andres clicks on Click para iniciar el formulario, Andres enters 'Andres' into Digitamos el nombre, Andres enters 'Rojas' into Digitamos el apellido, Andres enters 'andres20ka@gmail.com' into Digitamos el correo, Andres select April on Escogemos el mes, Andres select 20 on Escogemos el dia, Andres select 2000 on Escogemos el año, Andres clicks on Siguiente parte]], When he fill out the second part of the form ciudad Cali [Andres second part [Andres clicks on Siguiente parte]], When he fill out the third part of the form mobile Alcatel [Andres third part [Andres clicks on Click en el dropdown, Andres clicks on Escojemos el elemento, Andres clicks on Escojemos el elemento, Andres clicks on Escojemos el elemento, Andres clicks on Escojemos el elemento, Andres clicks on Escojemos el elemento]]
[Test worker] WARN net.thucydides.core.steps.BaseStepListener - stepStarted: net.thucydides.core.steps.ExecutedStepDescription@6c560d23
[Test worker] WARN net.thucydides.core.steps.BaseStepListener - stepFinished: current outcome:Create new user on uTest page:Given Andres wants to fill out a form to register [Andres open up [Andres opens the Utest page]], When I have entered the form and fill out the first part name Andres lastname Rojas email andres20ka@gmail.com month April day 20 year 2000 [Andres first part [Andres clicks on Click para iniciar el formulario, Andres enters 'Andres' into Digitamos el nombre, Andres enters 'Rojas' into Digitamos el apellido, Andres enters 'andres20ka@gmail.com' into Digitamos el correo, Andres select April on Escogemos el mes, Andres select 20 on Escogemos el dia, Andres select 2000 on Escogemos el año, Andres clicks on Siguiente parte]], When he fill out the second part of the form ciudad Cali [Andres second part [Andres clicks on Siguiente parte]], When he fill out the third part of the form mobile Alcatel [Andres third part [Andres clicks on Click en el dropdown, Andres clicks on Escojemos el elemento, Andres clicks on Escojemos el elemento, Andres clicks on Escojemos el elemento, Andres clicks on Escojemos el elemento, Andres clicks on Escojemos el elemento]], When he fill out the fourth part of the form
[Test worker] WARN net.thucydides.core.steps.BaseStepListener - stepStarted: net.thucydides.core.steps.ExecutedStepDescription@2d259a3d
[Test worker] WARN net.thucydides.core.steps.BaseStepListener - stepFinished: current outcome:Create new user on uTest page:Given Andres wants to fill out a form to register [Andres open up [Andres opens the Utest page]], When I have entered the form and fill out the first part name Andres lastname Rojas email andres20ka@gmail.com month April day 20 year 2000 [Andres first part [Andres clicks on Click para iniciar el formulario, Andres enters 'Andres' into Digitamos el nombre, Andres enters 'Rojas' into Digitamos el apellido, Andres enters 'andres20ka@gmail.com' into Digitamos el correo, Andres select April on Escogemos el mes, Andres select 20 on Escogemos el dia, Andres select 2000 on Escogemos el año, Andres clicks on Siguiente parte]], When he fill out the second part of the form ciudad Cali [Andres second part [Andres clicks on Siguiente parte]], When he fill out the third part of the form mobile Alcatel [Andres third part [Andres clicks on Click en el dropdown, Andres clicks on Escojemos el elemento, Andres clicks on Escojemos el elemento, Andres clicks on Escojemos el elemento, Andres clicks on Escojemos el elemento, Andres clicks on Escojemos el elemento]], When he fill out the fourth part of the form, Then he can log in
[Test worker] WARN net.thucydides.core.steps.BaseStepListener - testFinished: Create new user on uTest page:Given Andres wants to fill out a form to register [Andres open up [Andres opens the Utest page]], When I have entered the form and fill out the first part name Andres lastname Rojas email andres20ka@gmail.com month April day 20 year 2000 [Andres first part [Andres clicks on Click para iniciar el formulario, Andres enters 'Andres' into Digitamos el nombre, Andres enters 'Rojas' into Digitamos el apellido, Andres enters 'andres20ka@gmail.com' into Digitamos el correo, Andres select April on Escogemos el mes, Andres select 20 on Escogemos el dia, Andres select 2000 on Escogemos el año, Andres clicks on Siguiente parte]], When he fill out the second part of the form ciudad Cali [Andres second part [Andres clicks on Siguiente parte]], When he fill out the third part of the form mobile Alcatel [Andres third part [Andres clicks on Click en el dropdown, Andres clicks on Escojemos el elemento, Andres clicks on Escojemos el elemento, Andres clicks on Escojemos el elemento, Andres clicks on Escojemos el elemento, Andres clicks on Escojemos el elemento]], When he fill out the fourth part of the form, Then he can log in
[Test worker] WARN net.thucydides.core.steps.BaseStepListener - TestOutcomes: [Create new user on uTest page:Given Andres wants to fill out a form to register [Andres open up [Andres opens the Utest page]], When I have entered the form and fill out the first part name Andres lastname Rojas email andres20ka@gmail.com month April day 20 year 2000 [Andres first part [Andres clicks on Click para iniciar el formulario, Andres enters 'Andres' into Digitamos el nombre, Andres enters 'Rojas' into Digitamos el apellido, Andres enters 'andres20ka@gmail.com' into Digitamos el correo, Andres select April on Escogemos el mes, Andres select 20 on Escogemos el dia, Andres select 2000 on Escogemos el año, Andres clicks on Siguiente parte]], When he fill out the second part of the form ciudad Cali [Andres second part [Andres clicks on Siguiente parte]], When he fill out the third part of the form mobile Alcatel [Andres third part [Andres clicks on Click en el dropdown, Andres clicks on Escojemos el elemento, Andres clicks on Escojemos el elemento, Andres clicks on Escojemos el elemento, Andres clicks on Escojemos el elemento, Andres clicks on Escojemos el elemento]], When he fill out the fourth part of the form, Then he can log in]
[Test worker] WARN net.thucydides.core.steps.BaseStepListener - Final testOutcomes: [Create new user on uTest page:Given Andres wants to fill out a form to register [Andres open up [Andres opens the Utest page]], When I have entered the form and fill out the first part name Andres lastname Rojas email andres20ka@gmail.com month April day 20 year 2000 [Andres first part [Andres clicks on Click para iniciar el formulario, Andres enters 'Andres' into Digitamos el nombre, Andres enters 'Rojas' into Digitamos el apellido, Andres enters 'andres20ka@gmail.com' into Digitamos el correo, Andres select April on Escogemos el mes, Andres select 20 on Escogemos el dia, Andres select 2000 on Escogemos el año, Andres clicks on Siguiente parte]], When he fill out the second part of the form ciudad Cali [Andres second part [Andres clicks on Siguiente parte]], When he fill out the third part of the form mobile Alcatel [Andres third part [Andres clicks on Click en el dropdown, Andres clicks on Escojemos el elemento, Andres clicks on Escojemos el elemento, Andres clicks on Escojemos el elemento, Andres clicks on Escojemos el elemento, Andres clicks on Escojemos el elemento]], When he fill out the fourth part of the form, Then he can log in]
[Test worker] INFO net.thucydides.core.steps.ConsoleLoggingListener - 
        __    _____ _____ ____ _____   ____   _    ____  ____  _____ ____  
  _     \ \  |_   _| ____/ ___|_   _| |  _ \ / \  / ___|/ ___|| ____|  _ \ 
 (_)_____| |   | | |  _| \___ \ | |   | |_) / _ \ \___ \\___ \|  _| | | | |
  _|_____| |   | | | |___ ___) || |   |  __/ ___ \ ___) |___) | |___| |_| |
 (_)     | |   |_| |_____|____/ |_|   |_| /_/   \_\____/|____/|_____|____/ 
        /_/                                                                

TEST PASSED: Create new user on uTest page
----------------------------------------------------------------------------
]]></system-err>
</testsuite>
